<?xml version="1.0" encoding="UTF-8"?>
<!-- Generated by org.testng.reporters.JUnitXMLReporter -->
<testsuite hostname="DESKTOP-0VB4MT4" ignored="2" tests="0" failures="0" timestamp="2020-03-10T19:27:31 IST" time="0.0" errors="0">
  <testcase name="opsLogin" time="0.0" classname="com.IRA.Assessments.TC1_Login_Ops">
    <ignored/>
  </testcase> <!-- opsLogin -->
  <testcase name="navigateToAssessmentlist" time="0.0" classname="com.IRA.Assessments.TC1_Login_Ops">
    <ignored/>
  </testcase> <!-- navigateToAssessmentlist -->
</testsuite>
