<?xml version="1.0" encoding="UTF-8"?>
<!-- Generated by org.testng.reporters.JUnitXMLReporter -->
<testsuite hostname="KH-HYD-35" ignored="0" name="Test" tests="7" failures="0" timestamp="2021-06-07T16:05:06 IST" time="203.002" errors="0">
  <testcase name="opsLogin" time="4.498" classname="com.IRA.Assessments.TC1_Login_Ops"/>
  <testcase name="navigateToAssessmentlist" time="1.395" classname="com.IRA.Assessments.TC1_Login_Ops"/>
  <testcase name="createMock" time="38.628" classname="com.IRA.Assessments.TC2_Assessment"/>
  <testcase name="createGroup" time="41.371" classname="com.IRA.Assessments.TC2_Assessment"/>
  <testcase name="createRegular" time="16.41" classname="com.IRA.Assessments.TC2_Assessment"/>
  <testcase name="createRecall" time="47.261" classname="com.IRA.Assessments.TC2_Assessment"/>
  <testcase name="createFree" time="50.704" classname="com.IRA.Assessments.TC2_Assessment"/>
</testsuite> <!-- Test -->
