<?xml version="1.0" encoding="UTF-8"?>
<!-- Generated by org.testng.reporters.JUnitXMLReporter -->
<testsuite hostname="DESKTOP-0VB4MT4" ignored="0" name="Test" tests="3" failures="0" timestamp="2020-02-17T17:12:46 IST" time="12.056" errors="0">
  <testcase name="caLogin" time="3.393" classname="com.kh.IRA.SkillMap.Login"/>
  <testcase name="navigate" time="1.687" classname="com.kh.IRA.SkillMap.Navigate"/>
  <testcase name="skillTest" time="6.952" classname="com.kh.IRA.SkillMap.SkillMapTest"/>
</testsuite> <!-- Test -->
