<?xml version="1.0" encoding="UTF-8"?>
<!-- Generated by org.testng.reporters.JUnitXMLReporter -->
<testsuite hostname="KH-HYD-35" ignored="0" name="Test" tests="7" failures="1" timestamp="2021-06-01T21:03:35 IST" time="12.942" errors="0">
  <testcase name="contentOpsLogin" time="3.877" classname="com.kh.IRA.skillmap.Login"/>
  <testcase name="navigateToSkillMap" time="1.541" classname="com.kh.IRA.skillmap.Navigate"/>
  <testcase name="addSkillSubskillCompetency" time="2.582" classname="com.kh.IRA.skillmap.AddandEdit_skill"/>
  <testcase name="editSkillSubskillCompetency" time="1.471" classname="com.kh.IRA.skillmap.AddandEdit_skill">
    <skipped/>
  </testcase> <!-- editSkillSubskillCompetency -->
  <testcase name="editSkillSubskillCompetency" time="1.398" classname="com.kh.IRA.skillmap.AddandEdit_skill">
    <skipped/>
  </testcase> <!-- editSkillSubskillCompetency -->
  <testcase name="editSkillSubskillCompetency" time="0.442" classname="com.kh.IRA.skillmap.AddandEdit_skill">
    <skipped/>
  </testcase> <!-- editSkillSubskillCompetency -->
  <testcase name="editSkillSubskillCompetency" time="0.549" classname="com.kh.IRA.skillmap.AddandEdit_skill">
    <failure type="java.lang.IndexOutOfBoundsException" message="Index: 2, Size: 1">
      <![CDATA[java.lang.IndexOutOfBoundsException: Index: 2, Size: 1
at java.util.ArrayList.rangeCheck(ArrayList.java:657)
at java.util.ArrayList.get(ArrayList.java:433)
at com.kh.IRA.pagehelper.SkillMapPageHelper.edit(SkillMapPageHelper.java:74)
at com.kh.IRA.skillmap.AddandEdit_skill.editSkillSubskillCompetency(AddandEdit_skill.java:21)
at java.util.ArrayList.forEach(ArrayList.java:1257)
... Removed 27 stack frames]]>
    </failure>
  </testcase> <!-- editSkillSubskillCompetency -->
</testsuite> <!-- Test -->
