<?xml version="1.0" encoding="UTF-8"?>
<testng-results skipped="0" failed="0" ignored="0" total="2" passed="2">
  <reporter-output>
  </reporter-output>
  <suite name="Learner" duration-ms="14179" started-at="2021-07-06T11:26:36 IST" finished-at="2021-07-06T11:26:51 IST">
    <groups>
    </groups>
    <test name="Test" duration-ms="14179" started-at="2021-07-06T11:26:36 IST" finished-at="2021-07-06T11:26:51 IST">
      <class name="com.kh.PRISM.learner.TC1_Login">
        <test-method status="PASS" signature="begin()[pri:0, instance:com.kh.PRISM.learner.TC1_Login@70a9f84e]" name="begin" is-config="true" duration-ms="2138" started-at="2021-07-06T11:26:34 IST" finished-at="2021-07-06T11:26:36 IST">
          <reporter-output>
          </reporter-output>
        </test-method> <!-- begin -->
        <test-method status="PASS" signature="Login()[pri:0, instance:com.kh.PRISM.learner.TC1_Login@70a9f84e]" name="Login" duration-ms="5617" started-at="2021-07-06T11:26:37 IST" finished-at="2021-07-06T11:26:42 IST">
          <reporter-output>
          </reporter-output>
        </test-method> <!-- Login -->
        <test-method status="PASS" signature="end()[pri:0, instance:com.kh.PRISM.learner.TC1_Login@70a9f84e]" name="end" is-config="true" duration-ms="1448" started-at="2021-07-06T11:26:51 IST" finished-at="2021-07-06T11:26:52 IST">
          <reporter-output>
          </reporter-output>
        </test-method> <!-- end -->
      </class> <!-- com.kh.PRISM.learner.TC1_Login -->
      <class name="com.kh.PRISM.learner.TC2_DashboardLinks">
        <test-method status="PASS" signature="dashboardVerify()[pri:0, instance:com.kh.PRISM.learner.TC2_DashboardLinks@130f889]" name="dashboardVerify" duration-ms="1841" started-at="2021-07-06T11:26:46 IST" finished-at="2021-07-06T11:26:47 IST">
          <reporter-output>
          </reporter-output>
        </test-method> <!-- dashboardVerify -->
      </class> <!-- com.kh.PRISM.learner.TC2_DashboardLinks -->
    </test> <!-- Test -->
  </suite> <!-- Learner -->
</testng-results>
